#
# There is insufficient memory for the Java Runtime Environment to continue.
# Native memory allocation (mmap) failed to map 134217728 bytes for Failed to commit area from 0x0000000081a00000 to 0x0000000089a00000 of length 134217728.
# Possible reasons:
#   The system is out of physical RAM or swap space
#   The process is running with CompressedOops enabled, and the Java Heap may be blocking the growth of the native heap
# Possible solutions:
#   Reduce memory load on the system
#   Increase physical memory or swap space
#   Check if swap backing store is full
#   Decrease Java heap size (-Xmx/-Xms)
#   Decrease number of Java threads
#   Decrease Java thread stack sizes (-Xss)
#   Set larger code cache with -XX:ReservedCodeCacheSize=
# This output file may be truncated or incomplete.
#
#  Out of Memory Error (./src/hotspot/os/windows/os_windows.cpp:3301), pid=13180, tid=11120
#
# JRE version:  (11.0.11+9) (build )
# Java VM: Dynamic Code Evolution 64-Bit Server VM (11.0.11+9-b1341.57, mixed mode, sharing, tiered, compressed oops, g1 gc, windows-amd64)
# No core dump will be written. Minidumps are not enabled by default on client versions of Windows
#

---------------  S U M M A R Y ------------

Command Line: org.jetbrains.git4idea.http.GitAskPassApp Username for 'https://github.com': 

Host: Intel(R) Core(TM) i5-4590S CPU @ 3.00GHz, 4 cores, 7G,  Windows 10 , 64 bit Build 19041 (10.0.19041.546)
Time: Fri Jul  2 20:52:23 2021 Közép-európai nyári idõ  elapsed time: 0.023534 seconds (0d 0h 0m 0s)

---------------  T H R E A D  ---------------

Current thread (0x000001ee4f50b800):  JavaThread "Unknown thread" [_thread_in_vm, id=11120, stack(0x0000009db2000000,0x0000009db2100000)]

Stack: [0x0000009db2000000,0x0000009db2100000]
Native frames: (J=compiled Java code, j=interpreted, Vv=VM code, C=native code)
V  [jvm.dll+0x5fdd0a]
V  [jvm.dll+0x7822a5]
V  [jvm.dll+0x7838bd]
V  [jvm.dll+0x783f73]
V  [jvm.dll+0x245ed8]
V  [jvm.dll+0x5fb104]
V  [jvm.dll+0x5f0065]
V  [jvm.dll+0x302ecb]
V  [jvm.dll+0x302e3a]
V  [jvm.dll+0x302d12]
V  [jvm.dll+0x307c06]
V  [jvm.dll+0x350aa3]
V  [jvm.dll+0x3511a6]
V  [jvm.dll+0x350ba3]
V  [jvm.dll+0x2dca78]
V  [jvm.dll+0x2ddc27]
V  [jvm.dll+0x760907]
V  [jvm.dll+0x76219c]
V  [jvm.dll+0x35e039]
V  [jvm.dll+0x743e8e]
V  [jvm.dll+0x3c69b3]
V  [jvm.dll+0x3c8db1]
C  [jli.dll+0x5373]
C  [ucrtbase.dll+0x214c2]
C  [KERNEL32.DLL+0x17034]
C  [ntdll.dll+0x4cec1]


---------------  P R O C E S S  ---------------

Threads class SMR info:
_java_thread_list=0x000001ee4db7fd40, length=0, elements={
}

Java Threads: ( => current thread )

Other Threads:
  0x000001ee4f525800 GCTaskThread "GC Thread#0" [stack: 0x0000009db2100000,0x0000009db2200000] [id=6068]
  0x000001ee4f554800 ConcurrentGCThread "G1 Main Marker" [stack: 0x0000009db2200000,0x0000009db2300000] [id=10488]
  0x000001ee4f556800 ConcurrentGCThread "G1 Conc#0" [stack: 0x0000009db2300000,0x0000009db2400000] [id=2976]

[error occurred during error reporting (printing all threads), id 0xc0000005, EXCEPTION_ACCESS_VIOLATION (0xc0000005) at pc=0x00007ffc92f2d047]

VM state:not at safepoint (not fully initialized)

VM Mutex/Monitor currently owned by a thread:  ([mutex/lock_event])
[0x000001ee4f507b40] Heap_lock - owner thread: 0x000001ee4f50b800

Heap address: 0x0000000081a00000, size: 2022 MB, Compressed Oops mode: Non-zero based: 0x0000000081a00000
Narrow klass base: 0x0000000000000000, Narrow klass shift: 0

GC Heap History (0 events):
No events

Deoptimization events (0 events):
No events

Classes redefined (0 events):
No events

Internal exceptions (0 events):
No events

Events (1 events):
Event: 0.016 Loaded shared library C:\Program Files\JetBrains\IntelliJ IDEA 2021.1.1\jbr\bin\zip.dll


Dynamic libraries:
0x00007ff71c110000 - 0x00007ff71c11a000 	C:\Program Files\JetBrains\IntelliJ IDEA 2021.1.1\jbr\bin\java.exe
0x00007ffce7310000 - 0x00007ffce7506000 	C:\WINDOWS\SYSTEM32\ntdll.dll
0x00007ffce6770000 - 0x00007ffce682d000 	C:\WINDOWS\System32\KERNEL32.DLL
0x00007ffce4dc0000 - 0x00007ffce5088000 	C:\WINDOWS\System32\KERNELBASE.dll
0x00007ffce4b60000 - 0x00007ffce4c60000 	C:\WINDOWS\System32\ucrtbase.dll
0x00007ffcc6700000 - 0x00007ffcc6719000 	C:\Program Files\JetBrains\IntelliJ IDEA 2021.1.1\jbr\bin\jli.dll
0x00007ffce5f30000 - 0x00007ffce60d0000 	C:\WINDOWS\System32\USER32.dll
0x00007ffce4a50000 - 0x00007ffce4a72000 	C:\WINDOWS\System32\win32u.dll
0x00007ffce7000000 - 0x00007ffce702a000 	C:\WINDOWS\System32\GDI32.dll
0x00007ffce5260000 - 0x00007ffce5369000 	C:\WINDOWS\System32\gdi32full.dll
0x00007ffce5110000 - 0x00007ffce51ad000 	C:\WINDOWS\System32\msvcp_win.dll
0x00007ffcc5f70000 - 0x00007ffcc5f87000 	C:\Program Files\JetBrains\IntelliJ IDEA 2021.1.1\jbr\bin\VCRUNTIME140.dll
0x00007ffccfdd0000 - 0x00007ffcd006b000 	C:\WINDOWS\WinSxS\amd64_microsoft.windows.common-controls_6595b64144ccf1df_6.0.19041.488_none_ca04af081b815d21\COMCTL32.dll
0x00007ffce62f0000 - 0x00007ffce638e000 	C:\WINDOWS\System32\msvcrt.dll
0x00007ffce72a0000 - 0x00007ffce72d0000 	C:\WINDOWS\System32\IMM32.DLL
0x00007ffcbab60000 - 0x00007ffcbabfd000 	C:\Program Files\JetBrains\IntelliJ IDEA 2021.1.1\jbr\bin\msvcp140.dll
0x00007ffc92c40000 - 0x00007ffc93793000 	C:\Program Files\JetBrains\IntelliJ IDEA 2021.1.1\jbr\bin\server\jvm.dll
0x00007ffce7140000 - 0x00007ffce71ec000 	C:\WINDOWS\System32\ADVAPI32.dll
0x00007ffce6ea0000 - 0x00007ffce6f3b000 	C:\WINDOWS\System32\sechost.dll
0x00007ffce60e0000 - 0x00007ffce6204000 	C:\WINDOWS\System32\RPCRT4.dll
0x00007ffce5df0000 - 0x00007ffce5df8000 	C:\WINDOWS\System32\PSAPI.DLL
0x00007ffcd2000000 - 0x00007ffcd2009000 	C:\WINDOWS\SYSTEM32\WSOCK32.dll
0x00007ffce6e30000 - 0x00007ffce6e9b000 	C:\WINDOWS\System32\WS2_32.dll
0x00007ffce2320000 - 0x00007ffce2347000 	C:\WINDOWS\SYSTEM32\WINMM.dll
0x00007ffcdf710000 - 0x00007ffcdf71a000 	C:\WINDOWS\SYSTEM32\VERSION.dll
0x00007ffce29c0000 - 0x00007ffce29d2000 	C:\WINDOWS\SYSTEM32\kernel.appcore.dll
0x00007ffce0050000 - 0x00007ffce0061000 	C:\Program Files\JetBrains\IntelliJ IDEA 2021.1.1\jbr\bin\verify.dll
0x00007ffcdc0c0000 - 0x00007ffcdc2a4000 	C:\WINDOWS\SYSTEM32\DBGHELP.DLL
0x00007ffcdbdf0000 - 0x00007ffcdbe1c000 	C:\WINDOWS\SYSTEM32\dbgcore.DLL
0x00007ffce5090000 - 0x00007ffce510f000 	C:\WINDOWS\System32\bcryptPrimitives.dll
0x00007ffcdb540000 - 0x00007ffcdb569000 	C:\Program Files\JetBrains\IntelliJ IDEA 2021.1.1\jbr\bin\java.dll
0x00007ffce0040000 - 0x00007ffce004b000 	C:\Program Files\JetBrains\IntelliJ IDEA 2021.1.1\jbr\bin\jimage.dll
0x00007ffcdb520000 - 0x00007ffcdb538000 	C:\Program Files\JetBrains\IntelliJ IDEA 2021.1.1\jbr\bin\zip.dll

dbghelp: loaded successfully - version: 4.0.5 - missing functions: none
symbol engine: initialized successfully - sym options: 0x614 - pdb path: .;C:\Program Files\JetBrains\IntelliJ IDEA 2021.1.1\jbr\bin;C:\WINDOWS\SYSTEM32;C:\WINDOWS\WinSxS\amd64_microsoft.windows.common-controls_6595b64144ccf1df_6.0.19041.488_none_ca04af081b815d21;C:\Program Files\JetBrains\IntelliJ IDEA 2021.1.1\jbr\bin\server

VM Arguments:
java_command: org.jetbrains.git4idea.http.GitAskPassApp Username for 'https://github.com': 
java_class_path (initial): C:/Program Files/JetBrains/IntelliJ IDEA 2021.1.1/plugins/git4idea/lib/git4idea-rt.jar;C:/Program Files/JetBrains/IntelliJ IDEA 2021.1.1/lib/xmlrpc-2.0.1.jar;C:/Program Files/JetBrains/IntelliJ IDEA 2021.1.1/lib/commons-codec-1.15.jar
Launcher Type: SUN_STANDARD

[Global flags]
     intx CICompilerCount                          = 3                                         {product} {ergonomic}
     uint ConcGCThreads                            = 1                                         {product} {ergonomic}
     uint G1ConcRefinementThreads                  = 4                                         {product} {ergonomic}
   size_t G1HeapRegionSize                         = 1048576                                   {product} {ergonomic}
    uintx GCDrainStackTargetSize                   = 64                                        {product} {ergonomic}
   size_t InitialHeapSize                          = 134217728                                 {product} {ergonomic}
   size_t MarkStackSize                            = 4194304                                   {product} {ergonomic}
   size_t MaxHeapSize                              = 2120220672                                {product} {ergonomic}
   size_t MinHeapDeltaBytes                        = 1048576                                   {product} {ergonomic}
    uintx NonNMethodCodeHeapSize                   = 5830732                                {pd product} {ergonomic}
    uintx NonProfiledCodeHeapSize                  = 122913754                              {pd product} {ergonomic}
    uintx ProfiledCodeHeapSize                     = 122913754                              {pd product} {ergonomic}
    uintx ReservedCodeCacheSize                    = 251658240                              {pd product} {ergonomic}
     bool SegmentedCodeCache                       = true                                      {product} {ergonomic}
     bool UseCompressedClassPointers               = true                                 {lp64_product} {ergonomic}
     bool UseCompressedOops                        = true                                 {lp64_product} {ergonomic}
     bool UseG1GC                                  = true                                      {product} {ergonomic}
     bool UseLargePagesIndividualAllocation        = false                                  {pd product} {ergonomic}

Logging:
Log output configuration:
 #0: stdout all=warning uptime,level,tags
 #1: stderr all=off uptime,level,tags

Environment Variables:
PATH=C:\Program Files\Git\mingw64\libexec\git-core;C:\Program Files\Git\mingw64\libexec\git-core;C:\Program Files\Git\mingw64\bin;C:\Program Files\Git\usr\bin;C:\Users\PC\bin;C:\Program Files\Common Files\Oracle\Java\javapath;C:\Program Files (x86)\Common Files\Oracle\Java\javapath;C:\WINDOWS\system32;C:\WINDOWS;C:\WINDOWS\System32\Wbem;C:\WINDOWS\System32\WindowsPowerShell\v1.0;C:\WINDOWS\System32\OpenSSH;C:\Program Files\Intel\WiFi\bin;C:\Program Files\Common Files\Intel\WirelessCommon;C:\Program Files\Git\cmd;C:\Users\PC\AppData\Local\Microsoft\WindowsApps;C:\Users\PC\AppData\Local\GitHubDesktop\bin;C:\Users\PC\AppData\Local\Programs\Microsoft VS Code\bin;C:\Program Files\JetBrains\PyCharm 2020.3.3\bin;E:\IntelliJ IDEA Community Edition 2020.3.3\bin;C:\Program Files\JetBrains\IntelliJ IDEA 2021.1.1\bin
USERNAME=PC
DISPLAY=:0.0
LC_ALL=en_US.UTF-8
OS=Windows_NT
PROCESSOR_IDENTIFIER=Intel64 Family 6 Model 60 Stepping 3, GenuineIntel



---------------  S Y S T E M  ---------------

OS: Windows 10 , 64 bit Build 19041 (10.0.19041.546)
OS uptime: 3 days 11:00 hours

CPU:total 4 (initial active 4) (4 cores per cpu, 1 threads per core) family 6 model 60 stepping 3 microcode 0x27, cmov, cx8, fxsr, mmx, sse, sse2, sse3, ssse3, sse4.1, sse4.2, popcnt, avx, avx2, aes, clmul, erms, lzcnt, tsc, tscinvbit, bmi1, bmi2, fma

Memory: 4k page, system-wide physical 8082M (1225M free)
TotalPageFile size 12943M (AvailPageFile size 56M)
current process WorkingSet (physical memory assigned to process): 9M, peak: 9M
current process commit charge ("private bytes"): 51M, peak: 179M

vm_info: Dynamic Code Evolution 64-Bit Server VM (11.0.11+9-b1341.57) for windows-amd64 JRE (11.0.11+9-b1341.57), built on May 17 2021 14:09:08 by "" with MS VC++ 14.0 (VS2015)

END.
